2026-03-04T14:50:25.056Z	Initializing build environment...
2026-03-04T14:50:27.284Z	Success: Finished initializing build environment
2026-03-04T14:50:28.394Z	Cloning repository...
2026-03-04T14:50:29.378Z	Detected the following tools from environment: npm@10.9.2, nodejs@22.16.0
2026-03-04T14:50:29.380Z	Installing project dependencies: npm clean-install --progress=false
2026-03-04T14:50:36.464Z	npm warn deprecated node-domexception@1.0.0: Use your platform's native DOMException instead
2026-03-04T14:50:39.065Z	npm warn deprecated @opentelemetry/exporter-jaeger@1.30.1: Package no longer supported. Contact Support at https://www.npmjs.com/support for more info.
2026-03-04T14:50:43.229Z	npm warn deprecated glob@10.5.0: Old versions of glob are not supported, and contain widely publicized security vulnerabilities, which have been fixed in the current version. Please update. Support for old versions may be purchased (at exorbitant rates) by contacting i@izs.me
2026-03-04T14:50:43.474Z	npm warn deprecated glob@9.3.5: Old versions of glob are not supported, and contain widely publicized security vulnerabilities, which have been fixed in the current version. Please update. Support for old versions may be purchased (at exorbitant rates) by contacting i@izs.me
2026-03-04T14:50:43.666Z	npm warn deprecated glob@10.5.0: Old versions of glob are not supported, and contain widely publicized security vulnerabilities, which have been fixed in the current version. Please update. Support for old versions may be purchased (at exorbitant rates) by contacting i@izs.me
2026-03-04T14:51:01.621Z	
2026-03-04T14:51:01.621Z	added 1195 packages, and audited 1196 packages in 32s
2026-03-04T14:51:01.622Z	
2026-03-04T14:51:01.622Z	143 packages are looking for funding
2026-03-04T14:51:01.622Z	  run `npm fund` for details
2026-03-04T14:51:01.631Z	
2026-03-04T14:51:01.631Z	3 vulnerabilities (2 low, 1 high)
2026-03-04T14:51:01.631Z	
2026-03-04T14:51:01.635Z	To address all issues, run:
2026-03-04T14:51:01.635Z	  npm audit fix
2026-03-04T14:51:01.635Z	
2026-03-04T14:51:01.635Z	Run `npm audit` for details.
2026-03-04T14:51:01.890Z	Executing user build command: npm run build:cloudflare
2026-03-04T14:51:02.147Z	
2026-03-04T14:51:02.147Z	> nextn@0.1.1 build:cloudflare
2026-03-04T14:51:02.147Z	> next build && opennextjs-cloudflare build
2026-03-04T14:51:02.147Z	
2026-03-04T14:51:03.102Z	⚠ No build cache found. Please configure build caching for faster rebuilds. Read more: https://nextjs.org/docs/messages/no-cache
2026-03-04T14:51:03.107Z	Attention: Next.js now collects completely anonymous telemetry regarding usage.
2026-03-04T14:51:03.107Z	This information is used to shape Next.js' roadmap and prioritize features.
2026-03-04T14:51:03.107Z	You can learn more, including how to opt-out if you'd not like to participate in this anonymous program, by visiting the following URL:
2026-03-04T14:51:03.107Z	https://nextjs.org/telemetry
2026-03-04T14:51:03.108Z	
2026-03-04T14:51:03.203Z	   ▲ Next.js 15.5.12
2026-03-04T14:51:03.203Z	   - Environments: .env
2026-03-04T14:51:03.203Z	
2026-03-04T14:51:04.217Z	Using vars defined in .dev.vars
2026-03-04T14:51:04.253Z	   Creating an optimized production build ...
2026-03-04T14:51:42.089Z	 ✓ Compiled successfully in 37.6s
2026-03-04T14:51:42.096Z	   Skipping validation of types
2026-03-04T14:51:42.096Z	   Skipping linting
2026-03-04T14:51:42.479Z	   Collecting page data ...
2026-03-04T14:51:43.023Z	Firebase server config looks valid, attempting initialization...
2026-03-04T14:51:43.023Z	Initializing Firebase app with config: {
2026-03-04T14:51:43.023Z	  apiKey: 'AIzaSyCMJY...',
2026-03-04T14:51:43.023Z	  projectId: 'studio-1788933160-b748f',
2026-03-04T14:51:43.023Z	  authDomain: 'studio-1788933160-b748f.firebaseapp.com',
2026-03-04T14:51:43.023Z	  appId: '1:73212747...'
2026-03-04T14:51:43.024Z	}
2026-03-04T14:51:43.024Z	Firebase app initialized successfully
2026-03-04T14:51:43.025Z	Firestore instance created successfully
2026-03-04T14:51:43.236Z	Firebase Admin initialized with project ID only (development mode)
2026-03-04T14:51:46.806Z	   Generating static pages (0/31) ...
2026-03-04T14:51:47.643Z	   Generating static pages (7/31) 
2026-03-04T14:51:47.761Z	Firebase server config looks valid, attempting initialization...
2026-03-04T14:51:47.763Z	Initializing Firebase app with config: {
2026-03-04T14:51:47.763Z	  apiKey: 'AIzaSyCMJY...',
2026-03-04T14:51:47.763Z	  projectId: 'studio-1788933160-b748f',
2026-03-04T14:51:47.764Z	  authDomain: 'studio-1788933160-b748f.firebaseapp.com',
2026-03-04T14:51:47.764Z	  appId: '1:73212747...'
2026-03-04T14:51:47.764Z	}
2026-03-04T14:51:47.765Z	Firebase app initialized successfully
2026-03-04T14:51:47.765Z	Firestore instance created successfully
2026-03-04T14:51:48.241Z	   Generating static pages (15/31) 
2026-03-04T14:51:48.614Z	   Generating static pages (23/31) 
2026-03-04T14:51:48.704Z	 ✓ Generating static pages (31/31)
2026-03-04T14:51:49.186Z	   Finalizing page optimization ...
2026-03-04T14:51:49.187Z	   Collecting build traces ...
2026-03-04T14:51:59.077Z	
2026-03-04T14:51:59.084Z	Route (app)                                 Size  First Load JS
2026-03-04T14:51:59.084Z	┌ ○ /                                    47.1 kB         311 kB
2026-03-04T14:51:59.084Z	├ ○ /_not-found                            151 B         102 kB
2026-03-04T14:51:59.085Z	├ ƒ /[slug]                              3.65 kB         305 kB
2026-03-04T14:51:59.085Z	├ ƒ /admin/sync-short-links                151 B         102 kB
2026-03-04T14:51:59.085Z	├ ○ /analytics                           5.36 kB         375 kB
2026-03-04T14:51:59.085Z	├ ƒ /analytics/[id]                      4.31 kB         379 kB
2026-03-04T14:51:59.085Z	├ ○ /analytics/analytics                 2.68 kB         270 kB
2026-03-04T14:51:59.085Z	├ ƒ /analytics/analytics/[pageId]        2.33 kB         377 kB
2026-03-04T14:51:59.085Z	├ ƒ /api/generate-theme                    151 B         102 kB
2026-03-04T14:51:59.085Z	├ ƒ /api/website-meta                      151 B         102 kB
2026-03-04T14:51:59.087Z	├ ○ /blog                                6.82 kB         284 kB
2026-03-04T14:51:59.088Z	├ ƒ /blog/edit/[postId]                  6.96 kB         328 kB
2026-03-04T14:51:59.088Z	├ ○ /blog/edit/new                       6.33 kB         328 kB
2026-03-04T14:51:59.088Z	├ ○ /blog/public                         4.18 kB         244 kB
2026-03-04T14:51:59.091Z	├ ○ /contact                               193 B         105 kB
2026-03-04T14:51:59.091Z	├ ○ /cookies                               193 B         105 kB
2026-03-04T14:51:59.091Z	├ ○ /dashboard                           3.71 kB         277 kB
2026-03-04T14:51:59.091Z	├ ○ /dashboard/settings                  4.62 kB         313 kB
2026-03-04T14:51:59.091Z	├ ƒ /edit/[pageId]                       29.7 kB         372 kB
2026-03-04T14:51:59.091Z	├ ○ /features                              193 B         105 kB
2026-03-04T14:51:59.092Z	├ ○ /icon.svg                                0 B            0 B
2026-03-04T14:51:59.092Z	├ ○ /impressum                             193 B         105 kB
2026-03-04T14:51:59.092Z	├ ○ /links                               3.89 kB         300 kB
2026-03-04T14:51:59.092Z	├ ○ /links/links                         4.07 kB         286 kB
2026-03-04T14:51:59.092Z	├ ○ /login                               6.74 kB         246 kB
2026-03-04T14:51:59.092Z	├ ○ /pages                               4.73 kB         276 kB
2026-03-04T14:51:59.092Z	├ ƒ /post/[postId]                       6.06 kB         246 kB
2026-03-04T14:51:59.092Z	├ ○ /pricing                               193 B         105 kB
2026-03-04T14:51:59.092Z	├ ○ /privacy                               193 B         105 kB
2026-03-04T14:51:59.092Z	├ ○ /profile                             1.06 kB         103 kB
2026-03-04T14:51:59.092Z	├ ○ /profile/settings                    1.07 kB         103 kB
2026-03-04T14:51:59.092Z	├ ○ /robots.txt                            151 B         102 kB
2026-03-04T14:51:59.092Z	├ ○ /s                                   2.37 kB         237 kB
2026-03-04T14:51:59.093Z	├ ƒ /s/[code]                              151 B         102 kB
2026-03-04T14:51:59.093Z	├ ○ /settings                            4.62 kB         313 kB
2026-03-04T14:51:59.093Z	├ ○ /sitemap.xml                           151 B         102 kB
2026-03-04T14:51:59.093Z	└ ƒ /test-tracking                         151 B         102 kB
2026-03-04T14:51:59.093Z	+ First Load JS shared by all             101 kB
2026-03-04T14:51:59.096Z	  ├ chunks/1255-78e8b3ddc1cb1b15.js      45.2 kB
2026-03-04T14:51:59.096Z	  ├ chunks/4bd1b696-182b6b13bdad92e3.js  54.2 kB
2026-03-04T14:51:59.096Z	  └ other shared chunks (total)          1.98 kB
2026-03-04T14:51:59.096Z	
2026-03-04T14:51:59.096Z	
2026-03-04T14:51:59.096Z	ƒ Middleware                             33.2 kB
2026-03-04T14:51:59.096Z	
2026-03-04T14:51:59.096Z	○  (Static)   prerendered as static content
2026-03-04T14:51:59.096Z	ƒ  (Dynamic)  server-rendered on demand
2026-03-04T14:51:59.096Z	
2026-03-04T14:52:00.597Z	
2026-03-04T14:52:00.597Z	┌─────────────────────────────┐
2026-03-04T14:52:00.597Z	│ OpenNext — Cloudflare build │
2026-03-04T14:52:00.597Z	└─────────────────────────────┘
2026-03-04T14:52:00.597Z	
2026-03-04T14:52:00.701Z	App directory: /opt/buildhome/repo
2026-03-04T14:52:00.701Z	Next.js version : 15.5.12
2026-03-04T14:52:00.703Z	@opennextjs/cloudflare version: 1.17.0
2026-03-04T14:52:00.703Z	@opennextjs/aws version: 3.9.16
2026-03-04T14:52:00.705Z	
2026-03-04T14:52:00.705Z	┌─────────────────────────────────┐
2026-03-04T14:52:00.705Z	│ OpenNext — Building Next.js app │
2026-03-04T14:52:00.705Z	└─────────────────────────────────┘
2026-03-04T14:52:00.705Z	
2026-03-04T14:52:00.867Z	
2026-03-04T14:52:00.867Z	> nextn@0.1.1 build
2026-03-04T14:52:00.867Z	> next build && opennextjs-cloudflare build && opennextjs-cloudflare deploy
2026-03-04T14:52:00.867Z	
2026-03-04T14:52:01.948Z	   ▲ Next.js 15.5.12
2026-03-04T14:52:01.949Z	   - Environments: .env
2026-03-04T14:52:01.949Z	
2026-03-04T14:52:02.990Z	Using vars defined in .dev.vars
2026-03-04T14:52:03.041Z	   Creating an optimized production build ...
2026-03-04T14:52:16.155Z	 ✓ Compiled successfully in 12.8s
2026-03-04T14:52:16.160Z	   Skipping validation of types
2026-03-04T14:52:16.160Z	   Skipping linting
2026-03-04T14:52:16.436Z	   Collecting page data ...
2026-03-04T14:52:17.021Z	Firebase server config looks valid, attempting initialization...
2026-03-04T14:52:17.022Z	Initializing Firebase app with config: {
2026-03-04T14:52:17.022Z	  apiKey: 'AIzaSyCMJY...',
2026-03-04T14:52:17.022Z	  projectId: 'studio-1788933160-b748f',
2026-03-04T14:52:17.022Z	  authDomain: 'studio-1788933160-b748f.firebaseapp.com',
2026-03-04T14:52:17.022Z	  appId: '1:73212747...'
2026-03-04T14:52:17.022Z	}
2026-03-04T14:52:17.023Z	Firebase app initialized successfully
2026-03-04T14:52:17.024Z	Firestore instance created successfully
2026-03-04T14:52:17.205Z	Firebase Admin initialized with project ID only (development mode)
2026-03-04T14:52:21.204Z	   Generating static pages (0/31) ...
2026-03-04T14:52:22.051Z	   Generating static pages (7/31) 
2026-03-04T14:52:22.072Z	Firebase server config looks valid, attempting initialization...
2026-03-04T14:52:22.072Z	Initializing Firebase app with config: {
2026-03-04T14:52:22.072Z	  apiKey: 'AIzaSyCMJY...',
2026-03-04T14:52:22.072Z	  projectId: 'studio-1788933160-b748f',
2026-03-04T14:52:22.073Z	  authDomain: 'studio-1788933160-b748f.firebaseapp.com',
2026-03-04T14:52:22.073Z	  appId: '1:73212747...'
2026-03-04T14:52:22.073Z	}
2026-03-04T14:52:22.073Z	Firebase app initialized successfully
2026-03-04T14:52:22.073Z	Firestore instance created successfully
2026-03-04T14:52:22.747Z	   Generating static pages (15/31) 
2026-03-04T14:52:22.891Z	   Generating static pages (23/31) 
2026-03-04T14:52:23.039Z	 ✓ Generating static pages (31/31)
2026-03-04T14:52:23.867Z	   Finalizing page optimization ...
2026-03-04T14:52:23.867Z	   Collecting build traces ...
2026-03-04T14:52:49.697Z	
2026-03-04T14:52:49.706Z	Route (app)                                 Size  First Load JS
2026-03-04T14:52:49.706Z	┌ ○ /                                    47.1 kB         311 kB
2026-03-04T14:52:49.706Z	├ ○ /_not-found                            151 B         102 kB
2026-03-04T14:52:49.706Z	├ ƒ /[slug]                              3.65 kB         305 kB
2026-03-04T14:52:49.706Z	├ ƒ /admin/sync-short-links                151 B         102 kB
2026-03-04T14:52:49.706Z	├ ○ /analytics                           5.36 kB         375 kB
2026-03-04T14:52:49.706Z	├ ƒ /analytics/[id]                      4.31 kB         379 kB
2026-03-04T14:52:49.706Z	├ ○ /analytics/analytics                 2.68 kB         270 kB
2026-03-04T14:52:49.706Z	├ ƒ /analytics/analytics/[pageId]        2.33 kB         377 kB
2026-03-04T14:52:49.706Z	├ ƒ /api/generate-theme                    151 B         102 kB
2026-03-04T14:52:49.706Z	├ ƒ /api/website-meta                      151 B         102 kB
2026-03-04T14:52:49.706Z	├ ○ /blog                                6.82 kB         284 kB
2026-03-04T14:52:49.707Z	├ ƒ /blog/edit/[postId]                  6.96 kB         328 kB
2026-03-04T14:52:49.707Z	├ ○ /blog/edit/new                       6.33 kB         328 kB
2026-03-04T14:52:49.707Z	├ ○ /blog/public                         4.18 kB         244 kB
2026-03-04T14:52:49.707Z	├ ○ /contact                               193 B         105 kB
2026-03-04T14:52:49.707Z	├ ○ /cookies                               193 B         105 kB
2026-03-04T14:52:49.707Z	├ ○ /dashboard                           3.71 kB         277 kB
2026-03-04T14:52:49.707Z	├ ○ /dashboard/settings                  4.62 kB         313 kB
2026-03-04T14:52:49.711Z	├ ƒ /edit/[pageId]                       29.7 kB         372 kB
2026-03-04T14:52:49.711Z	├ ○ /features                              193 B         105 kB
2026-03-04T14:52:49.711Z	├ ○ /icon.svg                                0 B            0 B
2026-03-04T14:52:49.711Z	├ ○ /impressum                             193 B         105 kB
2026-03-04T14:52:49.711Z	├ ○ /links                               3.89 kB         300 kB
2026-03-04T14:52:49.711Z	├ ○ /links/links                         4.07 kB         286 kB
2026-03-04T14:52:49.714Z	├ ○ /login                               6.74 kB         246 kB
2026-03-04T14:52:49.714Z	├ ○ /pages                               4.73 kB         276 kB
2026-03-04T14:52:49.714Z	├ ƒ /post/[postId]                       6.06 kB         246 kB
2026-03-04T14:52:49.714Z	├ ○ /pricing                               193 B         105 kB
2026-03-04T14:52:49.714Z	├ ○ /privacy                               193 B         105 kB
2026-03-04T14:52:49.714Z	├ ○ /profile                             1.06 kB         103 kB
2026-03-04T14:52:49.714Z	├ ○ /profile/settings                    1.07 kB         103 kB
2026-03-04T14:52:49.715Z	├ ○ /robots.txt                            151 B         102 kB
2026-03-04T14:52:49.715Z	├ ○ /s                                   2.37 kB         237 kB
2026-03-04T14:52:49.715Z	├ ƒ /s/[code]                              151 B         102 kB
2026-03-04T14:52:49.715Z	├ ○ /settings                            4.62 kB         313 kB
2026-03-04T14:52:49.715Z	├ ○ /sitemap.xml                           151 B         102 kB
2026-03-04T14:52:49.717Z	└ ƒ /test-tracking                         151 B         102 kB
2026-03-04T14:52:49.717Z	+ First Load JS shared by all             101 kB
2026-03-04T14:52:49.717Z	  ├ chunks/1255-78e8b3ddc1cb1b15.js      45.2 kB
2026-03-04T14:52:49.717Z	  ├ chunks/4bd1b696-182b6b13bdad92e3.js  54.2 kB
2026-03-04T14:52:49.717Z	  └ other shared chunks (total)          1.98 kB
2026-03-04T14:52:49.717Z	
2026-03-04T14:52:49.717Z	
2026-03-04T14:52:49.717Z	ƒ Middleware                             33.2 kB
2026-03-04T14:52:49.717Z	
2026-03-04T14:52:49.717Z	○  (Static)   prerendered as static content
2026-03-04T14:52:49.717Z	ƒ  (Dynamic)  server-rendered on demand
2026-03-04T14:52:49.717Z	
2026-03-04T14:52:51.434Z	
2026-03-04T14:52:51.434Z	┌─────────────────────────────┐
2026-03-04T14:52:51.434Z	│ OpenNext — Cloudflare build │
2026-03-04T14:52:51.434Z	└─────────────────────────────┘
2026-03-04T14:52:51.434Z	
2026-03-04T14:52:51.547Z	App directory: /opt/buildhome/repo
2026-03-04T14:52:51.547Z	Next.js version : 15.5.12
2026-03-04T14:52:51.549Z	@opennextjs/cloudflare version: 1.17.0
2026-03-04T14:52:51.549Z	@opennextjs/aws version: 3.9.16
2026-03-04T14:52:51.552Z	
2026-03-04T14:52:51.552Z	┌─────────────────────────────────┐
2026-03-04T14:52:51.552Z	│ OpenNext — Building Next.js app │
2026-03-04T14:52:51.553Z	└─────────────────────────────────┘
2026-03-04T14:52:51.553Z	
2026-03-04T14:52:51.718Z	
2026-03-04T14:52:51.718Z	> nextn@0.1.1 build
2026-03-04T14:52:51.718Z	> next build && opennextjs-cloudflare build && opennextjs-cloudflare deploy
2026-03-04T14:52:51.718Z	
2026-03-04T14:52:52.723Z	   ▲ Next.js 15.5.12
2026-03-04T14:52:52.723Z	   - Environments: .env
2026-03-04T14:52:52.723Z	
2026-03-04T14:52:53.897Z	Using vars defined in .dev.vars
2026-03-04T14:52:53.957Z	   Creating an optimized production build ...
2026-03-04T14:53:03.106Z	 ✓ Compiled successfully in 8.9s
2026-03-04T14:53:03.109Z	   Skipping validation of types
2026-03-04T14:53:03.110Z	   Skipping linting
2026-03-04T14:53:03.428Z	   Collecting page data ...
2026-03-04T14:53:03.969Z	Firebase server config looks valid, attempting initialization...
2026-03-04T14:53:03.969Z	Initializing Firebase app with config: {
2026-03-04T14:53:03.969Z	  apiKey: 'AIzaSyCMJY...',
2026-03-04T14:53:03.971Z	  projectId: 'studio-1788933160-b748f',
2026-03-04T14:53:03.971Z	  authDomain: 'studio-1788933160-b748f.firebaseapp.com',
2026-03-04T14:53:03.971Z	  appId: '1:73212747...'
2026-03-04T14:53:03.971Z	}
2026-03-04T14:53:03.971Z	Firebase app initialized successfully
2026-03-04T14:53:03.972Z	Firestore instance created successfully
2026-03-04T14:53:04.186Z	Firebase Admin initialized with project ID only (development mode)
2026-03-04T14:53:08.182Z	   Generating static pages (0/31) ...
2026-03-04T14:53:09.000Z	   Generating static pages (7/31) 
2026-03-04T14:53:09.031Z	Firebase server config looks valid, attempting initialization...
2026-03-04T14:53:09.031Z	Initializing Firebase app with config: {
2026-03-04T14:53:09.032Z	  apiKey: 'AIzaSyCMJY...',
2026-03-04T14:53:09.032Z	  projectId: 'studio-1788933160-b748f',
2026-03-04T14:53:09.032Z	  authDomain: 'studio-1788933160-b748f.firebaseapp.com',
2026-03-04T14:53:09.032Z	  appId: '1:73212747...'
2026-03-04T14:53:09.033Z	}
2026-03-04T14:53:09.033Z	Firebase app initialized successfully
2026-03-04T14:53:09.033Z	Firestore instance created successfully
2026-03-04T14:53:09.453Z	   Generating static pages (15/31) 
2026-03-04T14:53:10.069Z	   Generating static pages (23/31) 
2026-03-04T14:53:10.105Z	 ✓ Generating static pages (31/31)
2026-03-04T14:53:11.022Z	   Finalizing page optimization ...
2026-03-04T14:53:11.022Z	   Collecting build traces ...
2026-03-04T14:53:38.231Z	
2026-03-04T14:53:38.240Z	Route (app)                                 Size  First Load JS
2026-03-04T14:53:38.240Z	┌ ○ /                                    47.1 kB         311 kB
2026-03-04T14:53:38.240Z	├ ○ /_not-found                            151 B         102 kB
2026-03-04T14:53:38.240Z	├ ƒ /[slug]                              3.65 kB         305 kB
2026-03-04T14:53:38.240Z	├ ƒ /admin/sync-short-links                151 B         102 kB
2026-03-04T14:53:38.240Z	├ ○ /analytics                           5.36 kB         375 kB
2026-03-04T14:53:38.240Z	├ ƒ /analytics/[id]                      4.31 kB         379 kB
2026-03-04T14:53:38.240Z	├ ○ /analytics/analytics                 2.68 kB         270 kB
2026-03-04T14:53:38.240Z	├ ƒ /analytics/analytics/[pageId]        2.33 kB         377 kB
2026-03-04T14:53:38.240Z	├ ƒ /api/generate-theme                    151 B         102 kB
2026-03-04T14:53:38.240Z	├ ƒ /api/website-meta                      151 B         102 kB
2026-03-04T14:53:38.240Z	├ ○ /blog                                6.82 kB         284 kB
2026-03-04T14:53:38.241Z	├ ƒ /blog/edit/[postId]                  6.96 kB         328 kB
2026-03-04T14:53:38.241Z	├ ○ /blog/edit/new                       6.33 kB         328 kB
2026-03-04T14:53:38.241Z	├ ○ /blog/public                         4.18 kB         244 kB
2026-03-04T14:53:38.241Z	├ ○ /contact                               193 B         105 kB
2026-03-04T14:53:38.241Z	├ ○ /cookies                               193 B         105 kB
2026-03-04T14:53:38.241Z	├ ○ /dashboard                           3.71 kB         277 kB
2026-03-04T14:53:38.241Z	├ ○ /dashboard/settings                  4.62 kB         313 kB
2026-03-04T14:53:38.241Z	├ ƒ /edit/[pageId]                       29.7 kB         372 kB
2026-03-04T14:53:38.241Z	├ ○ /features                              193 B         105 kB
2026-03-04T14:53:38.241Z	├ ○ /icon.svg                                0 B            0 B
2026-03-04T14:53:38.241Z	├ ○ /impressum                             193 B         105 kB
2026-03-04T14:53:38.241Z	├ ○ /links                               3.89 kB         300 kB
2026-03-04T14:53:38.241Z	├ ○ /links/links                         4.07 kB         286 kB
2026-03-04T14:53:38.242Z	├ ○ /login                               6.74 kB         246 kB
2026-03-04T14:53:38.242Z	├ ○ /pages                               4.73 kB         276 kB
2026-03-04T14:53:38.242Z	├ ƒ /post/[postId]                       6.06 kB         246 kB
2026-03-04T14:53:38.242Z	├ ○ /pricing                               193 B         105 kB
2026-03-04T14:53:38.242Z	├ ○ /privacy                               193 B         105 kB
2026-03-04T14:53:38.242Z	├ ○ /profile                             1.06 kB         103 kB
2026-03-04T14:53:38.242Z	├ ○ /profile/settings                    1.07 kB         103 kB
2026-03-04T14:53:38.243Z	├ ○ /robots.txt                            151 B         102 kB
2026-03-04T14:53:38.243Z	├ ○ /s                                   2.37 kB         237 kB
2026-03-04T14:53:38.243Z	├ ƒ /s/[code]                              151 B         102 kB
2026-03-04T14:53:38.243Z	├ ○ /settings                            4.62 kB         313 kB
2026-03-04T14:53:38.243Z	├ ○ /sitemap.xml                           151 B         102 kB
2026-03-04T14:53:38.243Z	└ ƒ /test-tracking                         151 B         102 kB
2026-03-04T14:53:38.243Z	+ First Load JS shared by all             101 kB
2026-03-04T14:53:38.243Z	  ├ chunks/1255-78e8b3ddc1cb1b15.js      45.2 kB
2026-03-04T14:53:38.243Z	  ├ chunks/4bd1b696-182b6b13bdad92e3.js  54.2 kB
2026-03-04T14:53:38.243Z	  └ other shared chunks (total)          1.98 kB
2026-03-04T14:53:38.243Z	
2026-03-04T14:53:38.243Z	
2026-03-04T14:53:38.243Z	ƒ Middleware                             33.2 kB
2026-03-04T14:53:38.243Z	
2026-03-04T14:53:38.244Z	○  (Static)   prerendered as static content
2026-03-04T14:53:38.244Z	ƒ  (Dynamic)  server-rendered on demand
2026-03-04T14:53:38.244Z	
2026-03-04T14:53:39.924Z	
2026-03-04T14:53:39.924Z	┌─────────────────────────────┐
2026-03-04T14:53:39.924Z	│ OpenNext — Cloudflare build │
2026-03-04T14:53:39.924Z	└─────────────────────────────┘
2026-03-04T14:53:39.924Z	
2026-03-04T14:53:40.020Z	App directory: /opt/buildhome/repo
2026-03-04T14:53:40.021Z	Next.js version : 15.5.12
2026-03-04T14:53:40.022Z	@opennextjs/cloudflare version: 1.17.0
2026-03-04T14:53:40.022Z	@opennextjs/aws version: 3.9.16
2026-03-04T14:53:40.026Z	
2026-03-04T14:53:40.026Z	┌─────────────────────────────────┐
2026-03-04T14:53:40.026Z	│ OpenNext — Building Next.js app │
2026-03-04T14:53:40.026Z	└─────────────────────────────────┘
2026-03-04T14:53:40.026Z	
2026-03-04T14:53:40.164Z	
2026-03-04T14:53:40.164Z	> nextn@0.1.1 build
2026-03-04T14:53:40.164Z	> next build && opennextjs-cloudflare build && opennextjs-cloudflare deploy
2026-03-04T14:53:40.165Z	
2026-03-04T14:53:41.090Z	   ▲ Next.js 15.5.12
2026-03-04T14:53:41.090Z	   - Environments: .env
2026-03-04T14:53:41.090Z	
2026-03-04T14:53:42.237Z	Using vars defined in .dev.vars
2026-03-04T14:53:42.288Z	   Creating an optimized production build ...
2026-03-04T14:53:50.749Z	 ✓ Compiled successfully in 8.3s
2026-03-04T14:53:50.754Z	   Skipping validation of types
2026-03-04T14:53:50.755Z	   Skipping linting
2026-03-04T14:53:51.063Z	   Collecting page data ...
2026-03-04T14:53:51.633Z	Firebase server config looks valid, attempting initialization...
2026-03-04T14:53:51.634Z	Initializing Firebase app with config: {
2026-03-04T14:53:51.634Z	  apiKey: 'AIzaSyCMJY...',
2026-03-04T14:53:51.634Z	  projectId: 'studio-1788933160-b748f',
2026-03-04T14:53:51.634Z	  authDomain: 'studio-1788933160-b748f.firebaseapp.com',
2026-03-04T14:53:51.635Z	  appId: '1:73212747...'
2026-03-04T14:53:51.635Z	}
2026-03-04T14:53:51.635Z	Firebase app initialized successfully
2026-03-04T14:53:51.635Z	Firestore instance created successfully
2026-03-04T14:53:51.871Z	Firebase Admin initialized with project ID only (development mode)
2026-03-04T14:53:55.753Z	   Generating static pages (0/31) ...
2026-03-04T14:53:56.623Z	   Generating static pages (7/31) 
2026-03-04T14:53:56.691Z	Firebase server config looks valid, attempting initialization...
2026-03-04T14:53:56.691Z	Initializing Firebase app with config: {
2026-03-04T14:53:56.691Z	  apiKey: 'AIzaSyCMJY...',
2026-03-04T14:53:56.692Z	  projectId: 'studio-1788933160-b748f',
2026-03-04T14:53:56.692Z	  authDomain: 'studio-1788933160-b748f.firebaseapp.com',
2026-03-04T14:53:56.692Z	  appId: '1:73212747...'
2026-03-04T14:53:56.692Z	}
2026-03-04T14:53:56.692Z	Firebase app initialized successfully
2026-03-04T14:53:56.692Z	Firestore instance created successfully
2026-03-04T14:53:57.066Z	   Generating static pages (15/31) 
2026-03-04T14:53:57.629Z	   Generating static pages (23/31) 
2026-03-04T14:53:57.695Z	 ✓ Generating static pages (31/31)
2026-03-04T14:53:58.565Z	   Finalizing page optimization ...
2026-03-04T14:53:58.565Z	   Collecting build traces ...
2026-03-04T14:54:26.210Z	
2026-03-04T14:54:26.220Z	Route (app)                                 Size  First Load JS
2026-03-04T14:54:26.220Z	┌ ○ /                                    47.1 kB         311 kB
2026-03-04T14:54:26.220Z	├ ○ /_not-found                            151 B         102 kB
2026-03-04T14:54:26.220Z	├ ƒ /[slug]                              3.65 kB         305 kB
2026-03-04T14:54:26.220Z	├ ƒ /admin/sync-short-links                151 B         102 kB
2026-03-04T14:54:26.223Z	├ ○ /analytics                           5.36 kB         375 kB
2026-03-04T14:54:26.223Z	├ ƒ /analytics/[id]                      4.31 kB         379 kB
2026-03-04T14:54:26.223Z	├ ○ /analytics/analytics                 2.68 kB         270 kB
2026-03-04T14:54:26.223Z	├ ƒ /analytics/analytics/[pageId]        2.33 kB         377 kB
2026-03-04T14:54:26.223Z	├ ƒ /api/generate-theme                    151 B         102 kB
2026-03-04T14:54:26.223Z	├ ƒ /api/website-meta                      151 B         102 kB
2026-03-04T14:54:26.223Z	├ ○ /blog                                6.82 kB         284 kB
2026-03-04T14:54:26.223Z	├ ƒ /blog/edit/[postId]                  6.96 kB         328 kB
2026-03-04T14:54:26.223Z	├ ○ /blog/edit/new                       6.33 kB         328 kB
2026-03-04T14:54:26.223Z	├ ○ /blog/public                         4.18 kB         244 kB
2026-03-04T14:54:26.223Z	├ ○ /contact                               193 B         105 kB
2026-03-04T14:54:26.224Z	├ ○ /cookies                               193 B         105 kB
2026-03-04T14:54:26.224Z	├ ○ /dashboard                           3.71 kB         277 kB
2026-03-04T14:54:26.224Z	├ ○ /dashboard/settings                  4.62 kB         313 kB
2026-03-04T14:54:26.224Z	├ ƒ /edit/[pageId]                       29.7 kB         372 kB
2026-03-04T14:54:26.224Z	├ ○ /features                              193 B         105 kB
2026-03-04T14:54:26.224Z	├ ○ /icon.svg                                0 B            0 B
2026-03-04T14:54:26.224Z	├ ○ /impressum                             193 B         105 kB
2026-03-04T14:54:26.224Z	├ ○ /links                               3.89 kB         300 kB
2026-03-04T14:54:26.224Z	├ ○ /links/links                         4.07 kB         286 kB
2026-03-04T14:54:26.224Z	├ ○ /login                               6.74 kB         246 kB
2026-03-04T14:54:26.224Z	├ ○ /pages                               4.73 kB         276 kB
2026-03-04T14:54:26.224Z	├ ƒ /post/[postId]                       6.06 kB         246 kB
2026-03-04T14:54:26.224Z	├ ○ /pricing                               193 B         105 kB
2026-03-04T14:54:26.224Z	├ ○ /privacy                               193 B         105 kB
2026-03-04T14:54:26.224Z	├ ○ /profile                             1.06 kB         103 kB
2026-03-04T14:54:26.224Z	├ ○ /profile/settings                    1.07 kB         103 kB
2026-03-04T14:54:26.224Z	├ ○ /robots.txt                            151 B         102 kB
2026-03-04T14:54:26.224Z	├ ○ /s                                   2.37 kB         237 kB
2026-03-04T14:54:26.225Z	├ ƒ /s/[code]                              151 B         102 kB
2026-03-04T14:54:26.225Z	├ ○ /settings                            4.62 kB         313 kB
2026-03-04T14:54:26.225Z	├ ○ /sitemap.xml                           151 B         102 kB
2026-03-04T14:54:26.225Z	└ ƒ /test-tracking                         151 B         102 kB
2026-03-04T14:54:26.225Z	+ First Load JS shared by all             101 kB
2026-03-04T14:54:26.225Z	  ├ chunks/1255-78e8b3ddc1cb1b15.js      45.2 kB
2026-03-04T14:54:26.225Z	  ├ chunks/4bd1b696-182b6b13bdad92e3.js  54.2 kB
2026-03-04T14:54:26.225Z	  └ other shared chunks (total)          1.98 kB
2026-03-04T14:54:26.225Z	
2026-03-04T14:54:26.225Z	
2026-03-04T14:54:26.225Z	ƒ Middleware                             33.2 kB
2026-03-04T14:54:26.225Z	
2026-03-04T14:54:26.226Z	○  (Static)   prerendered as static content
2026-03-04T14:54:26.226Z	ƒ  (Dynamic)  server-rendered on demand
2026-03-04T14:54:26.226Z	
2026-03-04T14:54:28.111Z	
2026-03-04T14:54:28.112Z	┌─────────────────────────────┐
2026-03-04T14:54:28.112Z	│ OpenNext — Cloudflare build │
2026-03-04T14:54:28.112Z	└─────────────────────────────┘
2026-03-04T14:54:28.112Z	
2026-03-04T14:54:28.232Z	App directory: /opt/buildhome/repo
2026-03-04T14:54:28.233Z	Next.js version : 15.5.12
2026-03-04T14:54:28.234Z	@opennextjs/cloudflare version: 1.17.0
2026-03-04T14:54:28.234Z	@opennextjs/aws version: 3.9.16
2026-03-04T14:54:28.236Z	
2026-03-04T14:54:28.236Z	┌─────────────────────────────────┐
2026-03-04T14:54:28.237Z	│ OpenNext — Building Next.js app │
2026-03-04T14:54:28.237Z	└─────────────────────────────────┘
2026-03-04T14:54:28.237Z	
2026-03-04T14:54:28.407Z	
2026-03-04T14:54:28.407Z	> nextn@0.1.1 build
2026-03-04T14:54:28.407Z	> next build && opennextjs-cloudflare build && opennextjs-cloudflare deploy
2026-03-04T14:54:28.408Z	
2026-03-04T14:54:29.337Z	   ▲ Next.js 15.5.12
2026-03-04T14:54:29.338Z	   - Environments: .env
2026-03-04T14:54:29.343Z	
2026-03-04T14:54:30.477Z	Using vars defined in .dev.vars
2026-03-04T14:54:30.529Z	   Creating an optimized production build ...
2026-03-04T14:54:40.154Z	 ✓ Compiled successfully in 9.5s
2026-03-04T14:54:40.158Z	   Skipping validation of types
2026-03-04T14:54:40.158Z	   Skipping linting
2026-03-04T14:54:40.492Z	   Collecting page data ...
2026-03-04T14:54:40.989Z	Firebase server config looks valid, attempting initialization...
2026-03-04T14:54:40.989Z	Initializing Firebase app with config: {
2026-03-04T14:54:40.989Z	  apiKey: 'AIzaSyCMJY...',
2026-03-04T14:54:40.989Z	  projectId: 'studio-1788933160-b748f',
2026-03-04T14:54:40.989Z	  authDomain: 'studio-1788933160-b748f.firebaseapp.com',
2026-03-04T14:54:40.989Z	  appId: '1:73212747...'
2026-03-04T14:54:40.989Z	}
2026-03-04T14:54:40.991Z	Firebase app initialized successfully
2026-03-04T14:54:40.992Z	Firestore instance created successfully
2026-03-04T14:54:41.207Z	Firebase Admin initialized with project ID only (development mode)
2026-03-04T14:54:44.924Z	   Generating static pages (0/31) ...
2026-03-04T14:54:45.634Z	Firebase server config looks valid, attempting initialization...
2026-03-04T14:54:45.635Z	Initializing Firebase app with config: {
2026-03-04T14:54:45.638Z	  apiKey: 'AIzaSyCMJY...',
2026-03-04T14:54:45.638Z	  projectId: 'studio-1788933160-b748f',
2026-03-04T14:54:45.638Z	  authDomain: 'studio-1788933160-b748f.firebaseapp.com',
2026-03-04T14:54:45.638Z	  appId: '1:73212747...'
2026-03-04T14:54:45.639Z	}
2026-03-04T14:54:45.639Z	Firebase app initialized successfully
2026-03-04T14:54:45.639Z	Firestore instance created successfully
2026-03-04T14:54:45.812Z	   Generating static pages (7/31) 
2026-03-04T14:54:46.369Z	   Generating static pages (15/31) 
2026-03-04T14:54:46.597Z	   Generating static pages (23/31) 
2026-03-04T14:54:46.598Z	 ✓ Generating static pages (31/31)
2026-03-04T14:54:47.450Z	   Finalizing page optimization ...
2026-03-04T14:54:47.450Z	   Collecting build traces ...
2026-03-04T14:50:25.056Z	Initializing build environment...
2026-03-04T14:50:27.284Z	Success: Finished initializing build environment
2026-03-04T14:50:28.394Z	Cloning repository...
2026-03-04T14:50:29.378Z	Detected the following tools from environment: npm@10.9.2, nodejs@22.16.0
2026-03-04T14:50:29.380Z	Installing project dependencies: npm clean-install --progress=false
2026-03-04T14:50:36.464Z	npm warn deprecated node-domexception@1.0.0: Use your platform's native DOMException instead
2026-03-04T14:50:39.065Z	npm warn deprecated @opentelemetry/exporter-jaeger@1.30.1: Package no longer supported. Contact Support at https://www.npmjs.com/support for more info.
2026-03-04T14:50:43.229Z	npm warn deprecated glob@10.5.0: Old versions of glob are not supported, and contain widely publicized security vulnerabilities, which have been fixed in the current version. Please update. Support for old versions may be purchased (at exorbitant rates) by contacting i@izs.me
2026-03-04T14:50:43.474Z	npm warn deprecated glob@9.3.5: Old versions of glob are not supported, and contain widely publicized security vulnerabilities, which have been fixed in the current version. Please update. Support for old versions may be purchased (at exorbitant rates) by contacting i@izs.me
2026-03-04T14:50:43.666Z	npm warn deprecated glob@10.5.0: Old versions of glob are not supported, and contain widely publicized security vulnerabilities, which have been fixed in the current version. Please update. Support for old versions may be purchased (at exorbitant rates) by contacting i@izs.me
2026-03-04T14:51:01.621Z	
2026-03-04T14:51:01.621Z	added 1195 packages, and audited 1196 packages in 32s
2026-03-04T14:51:01.622Z	
2026-03-04T14:51:01.622Z	143 packages are looking for funding
2026-03-04T14:51:01.622Z	  run `npm fund` for details
2026-03-04T14:51:01.631Z	
2026-03-04T14:51:01.631Z	3 vulnerabilities (2 low, 1 high)
2026-03-04T14:51:01.631Z	
2026-03-04T14:51:01.635Z	To address all issues, run:
2026-03-04T14:51:01.635Z	  npm audit fix
2026-03-04T14:51:01.635Z	
2026-03-04T14:51:01.635Z	Run `npm audit` for details.
2026-03-04T14:51:01.890Z	Executing user build command: npm run build:cloudflare
2026-03-04T14:51:02.147Z	
2026-03-04T14:51:02.147Z	> nextn@0.1.1 build:cloudflare
2026-03-04T14:51:02.147Z	> next build && opennextjs-cloudflare build
2026-03-04T14:51:02.147Z	
2026-03-04T14:51:03.102Z	⚠ No build cache found. Please configure build caching for faster rebuilds. Read more: https://nextjs.org/docs/messages/no-cache
2026-03-04T14:51:03.107Z	Attention: Next.js now collects completely anonymous telemetry regarding usage.
2026-03-04T14:51:03.107Z	This information is used to shape Next.js' roadmap and prioritize features.
2026-03-04T14:51:03.107Z	You can learn more, including how to opt-out if you'd not like to participate in this anonymous program, by visiting the following URL:
2026-03-04T14:51:03.107Z	https://nextjs.org/telemetry
2026-03-04T14:51:03.108Z	
2026-03-04T14:51:03.203Z	   ▲ Next.js 15.5.12
2026-03-04T14:51:03.203Z	   - Environments: .env
2026-03-04T14:51:03.203Z	
2026-03-04T14:51:04.217Z	Using vars defined in .dev.vars
2026-03-04T14:51:04.253Z	   Creating an optimized production build ...
2026-03-04T14:51:42.089Z	 ✓ Compiled successfully in 37.6s
2026-03-04T14:51:42.096Z	   Skipping validation of types
2026-03-04T14:51:42.096Z	   Skipping linting
2026-03-04T14:51:42.479Z	   Collecting page data ...
2026-03-04T14:51:43.023Z	Firebase server config looks valid, attempting initialization...
2026-03-04T14:51:43.023Z	Initializing Firebase app with config: {
2026-03-04T14:51:43.023Z	  apiKey: 'AIzaSyCMJY...',
2026-03-04T14:51:43.023Z	  projectId: 'studio-1788933160-b748f',
2026-03-04T14:51:43.023Z	  authDomain: 'studio-1788933160-b748f.firebaseapp.com',
2026-03-04T14:51:43.023Z	  appId: '1:73212747...'
2026-03-04T14:51:43.024Z	}
2026-03-04T14:51:43.024Z	Firebase app initialized successfully
2026-03-04T14:51:43.025Z	Firestore instance created successfully
2026-03-04T14:51:43.236Z	Firebase Admin initialized with project ID only (development mode)
2026-03-04T14:51:46.806Z	   Generating static pages (0/31) ...
2026-03-04T14:51:47.643Z	   Generating static pages (7/31) 
2026-03-04T14:51:47.761Z	Firebase server config looks valid, attempting initialization...
2026-03-04T14:51:47.763Z	Initializing Firebase app with config: {
2026-03-04T14:51:47.763Z	  apiKey: 'AIzaSyCMJY...',
2026-03-04T14:51:47.763Z	  projectId: 'studio-1788933160-b748f',
2026-03-04T14:51:47.764Z	  authDomain: 'studio-1788933160-b748f.firebaseapp.com',
2026-03-04T14:51:47.764Z	  appId: '1:73212747...'
2026-03-04T14:51:47.764Z	}
2026-03-04T14:51:47.765Z	Firebase app initialized successfully
2026-03-04T14:51:47.765Z	Firestore instance created successfully
2026-03-04T14:51:48.241Z	   Generating static pages (15/31) 
2026-03-04T14:51:48.614Z	   Generating static pages (23/31) 
2026-03-04T14:51:48.704Z	 ✓ Generating static pages (31/31)
2026-03-04T14:51:49.186Z	   Finalizing page optimization ...
2026-03-04T14:51:49.187Z	   Collecting build traces ...
2026-03-04T14:51:59.077Z	
2026-03-04T14:51:59.084Z	Route (app)                                 Size  First Load JS
2026-03-04T14:51:59.084Z	┌ ○ /                                    47.1 kB         311 kB
2026-03-04T14:51:59.084Z	├ ○ /_not-found                            151 B         102 kB
2026-03-04T14:51:59.085Z	├ ƒ /[slug]                              3.65 kB         305 kB
2026-03-04T14:51:59.085Z	├ ƒ /admin/sync-short-links                151 B         102 kB
2026-03-04T14:51:59.085Z	├ ○ /analytics                           5.36 kB         375 kB
2026-03-04T14:51:59.085Z	├ ƒ /analytics/[id]                      4.31 kB         379 kB
2026-03-04T14:51:59.085Z	├ ○ /analytics/analytics                 2.68 kB         270 kB
2026-03-04T14:51:59.085Z	├ ƒ /analytics/analytics/[pageId]        2.33 kB         377 kB
2026-03-04T14:51:59.085Z	├ ƒ /api/generate-theme                    151 B         102 kB
2026-03-04T14:51:59.085Z	├ ƒ /api/website-meta                      151 B         102 kB
2026-03-04T14:51:59.087Z	├ ○ /blog                                6.82 kB         284 kB
2026-03-04T14:51:59.088Z	├ ƒ /blog/edit/[postId]                  6.96 kB         328 kB
2026-03-04T14:51:59.088Z	├ ○ /blog/edit/new                       6.33 kB         328 kB
2026-03-04T14:51:59.088Z	├ ○ /blog/public                         4.18 kB         244 kB
2026-03-04T14:51:59.091Z	├ ○ /contact                               193 B         105 kB
2026-03-04T14:51:59.091Z	├ ○ /cookies                               193 B         105 kB
2026-03-04T14:51:59.091Z	├ ○ /dashboard                           3.71 kB         277 kB
2026-03-04T14:51:59.091Z	├ ○ /dashboard/settings                  4.62 kB         313 kB
2026-03-04T14:51:59.091Z	├ ƒ /edit/[pageId]                       29.7 kB         372 kB
2026-03-04T14:51:59.091Z	├ ○ /features                              193 B         105 kB
2026-03-04T14:51:59.092Z	├ ○ /icon.svg                                0 B            0 B
2026-03-04T14:51:59.092Z	├ ○ /impressum                             193 B         105 kB
2026-03-04T14:51:59.092Z	├ ○ /links                               3.89 kB         300 kB
2026-03-04T14:51:59.092Z	├ ○ /links/links                         4.07 kB         286 kB
2026-03-04T14:51:59.092Z	├ ○ /login                               6.74 kB         246 kB
2026-03-04T14:51:59.092Z	├ ○ /pages                               4.73 kB         276 kB
2026-03-04T14:51:59.092Z	├ ƒ /post/[postId]                       6.06 kB         246 kB
2026-03-04T14:51:59.092Z	├ ○ /pricing                               193 B         105 kB
2026-03-04T14:51:59.092Z	├ ○ /privacy                               193 B         105 kB
2026-03-04T14:51:59.092Z	├ ○ /profile                             1.06 kB         103 kB
2026-03-04T14:51:59.092Z	├ ○ /profile/settings                    1.07 kB         103 kB
2026-03-04T14:51:59.092Z	├ ○ /robots.txt                            151 B         102 kB
2026-03-04T14:51:59.092Z	├ ○ /s                                   2.37 kB         237 kB
2026-03-04T14:51:59.093Z	├ ƒ /s/[code]                              151 B         102 kB
2026-03-04T14:51:59.093Z	├ ○ /settings                            4.62 kB         313 kB
2026-03-04T14:51:59.093Z	├ ○ /sitemap.xml                           151 B         102 kB
2026-03-04T14:51:59.093Z	└ ƒ /test-tracking                         151 B         102 kB
2026-03-04T14:51:59.093Z	+ First Load JS shared by all             101 kB
2026-03-04T14:51:59.096Z	  ├ chunks/1255-78e8b3ddc1cb1b15.js      45.2 kB
2026-03-04T14:51:59.096Z	  ├ chunks/4bd1b696-182b6b13bdad92e3.js  54.2 kB
2026-03-04T14:51:59.096Z	  └ other shared chunks (total)          1.98 kB
2026-03-04T14:51:59.096Z	
2026-03-04T14:51:59.096Z	
2026-03-04T14:51:59.096Z	ƒ Middleware                             33.2 kB
2026-03-04T14:51:59.096Z	
2026-03-04T14:51:59.096Z	○  (Static)   prerendered as static content
2026-03-04T14:51:59.096Z	ƒ  (Dynamic)  server-rendered on demand
2026-03-04T14:51:59.096Z	
2026-03-04T14:52:00.597Z	
2026-03-04T14:52:00.597Z	┌─────────────────────────────┐
2026-03-04T14:52:00.597Z	│ OpenNext — Cloudflare build │
2026-03-04T14:52:00.597Z	└─────────────────────────────┘
2026-03-04T14:52:00.597Z	
2026-03-04T14:52:00.701Z	App directory: /opt/buildhome/repo
2026-03-04T14:52:00.701Z	Next.js version : 15.5.12
2026-03-04T14:52:00.703Z	@opennextjs/cloudflare version: 1.17.0
2026-03-04T14:52:00.703Z	@opennextjs/aws version: 3.9.16
2026-03-04T14:52:00.705Z	
2026-03-04T14:52:00.705Z	┌─────────────────────────────────┐
2026-03-04T14:52:00.705Z	│ OpenNext — Building Next.js app │
2026-03-04T14:52:00.705Z	└─────────────────────────────────┘
2026-03-04T14:52:00.705Z	
2026-03-04T14:52:00.867Z	
2026-03-04T14:52:00.867Z	> nextn@0.1.1 build
2026-03-04T14:52:00.867Z	> next build && opennextjs-cloudflare build && opennextjs-cloudflare deploy
2026-03-04T14:52:00.867Z	
2026-03-04T14:52:01.948Z	   ▲ Next.js 15.5.12
2026-03-04T14:52:01.949Z	   - Environments: .env
2026-03-04T14:52:01.949Z	
2026-03-04T14:52:02.990Z	Using vars defined in .dev.vars
2026-03-04T14:52:03.041Z	   Creating an optimized production build ...
2026-03-04T14:52:16.155Z	 ✓ Compiled successfully in 12.8s
2026-03-04T14:52:16.160Z	   Skipping validation of types
2026-03-04T14:52:16.160Z	   Skipping linting
2026-03-04T14:52:16.436Z	   Collecting page data ...
2026-03-04T14:52:17.021Z	Firebase server config looks valid, attempting initialization...
2026-03-04T14:52:17.022Z	Initializing Firebase app with config: {
2026-03-04T14:52:17.022Z	  apiKey: 'AIzaSyCMJY...',
2026-03-04T14:52:17.022Z	  projectId: 'studio-1788933160-b748f',
2026-03-04T14:52:17.022Z	  authDomain: 'studio-1788933160-b748f.firebaseapp.com',
2026-03-04T14:52:17.022Z	  appId: '1:73212747...'
2026-03-04T14:52:17.022Z	}
2026-03-04T14:52:17.023Z	Firebase app initialized successfully
2026-03-04T14:52:17.024Z	Firestore instance created successfully
2026-03-04T14:52:17.205Z	Firebase Admin initialized with project ID only (development mode)
2026-03-04T14:52:21.204Z	   Generating static pages (0/31) ...
2026-03-04T14:52:22.051Z	   Generating static pages (7/31) 
2026-03-04T14:52:22.072Z	Firebase server config looks valid, attempting initialization...
2026-03-04T14:52:22.072Z	Initializing Firebase app with config: {
2026-03-04T14:52:22.072Z	  apiKey: 'AIzaSyCMJY...',
2026-03-04T14:52:22.072Z	  projectId: 'studio-1788933160-b748f',
2026-03-04T14:52:22.073Z	  authDomain: 'studio-1788933160-b748f.firebaseapp.com',
2026-03-04T14:52:22.073Z	  appId: '1:73212747...'
2026-03-04T14:52:22.073Z	}
2026-03-04T14:52:22.073Z	Firebase app initialized successfully
2026-03-04T14:52:22.073Z	Firestore instance created successfully
2026-03-04T14:52:22.747Z	   Generating static pages (15/31) 
2026-03-04T14:52:22.891Z	   Generating static pages (23/31) 
2026-03-04T14:52:23.039Z	 ✓ Generating static pages (31/31)
2026-03-04T14:52:23.867Z	   Finalizing page optimization ...
2026-03-04T14:52:23.867Z	   Collecting build traces ...
2026-03-04T14:52:49.697Z	
2026-03-04T14:52:49.706Z	Route (app)                                 Size  First Load JS
2026-03-04T14:52:49.706Z	┌ ○ /                                    47.1 kB         311 kB
2026-03-04T14:52:49.706Z	├ ○ /_not-found                            151 B         102 kB
2026-03-04T14:52:49.706Z	├ ƒ /[slug]                              3.65 kB         305 kB
2026-03-04T14:52:49.706Z	├ ƒ /admin/sync-short-links                151 B         102 kB
2026-03-04T14:52:49.706Z	├ ○ /analytics                           5.36 kB         375 kB
2026-03-04T14:52:49.706Z	├ ƒ /analytics/[id]                      4.31 kB         379 kB
2026-03-04T14:52:49.706Z	├ ○ /analytics/analytics                 2.68 kB         270 kB
2026-03-04T14:52:49.706Z	├ ƒ /analytics/analytics/[pageId]        2.33 kB         377 kB
2026-03-04T14:52:49.706Z	├ ƒ /api/generate-theme                    151 B         102 kB
2026-03-04T14:52:49.706Z	├ ƒ /api/website-meta                      151 B         102 kB
2026-03-04T14:52:49.706Z	├ ○ /blog                                6.82 kB         284 kB
2026-03-04T14:52:49.707Z	├ ƒ /blog/edit/[postId]                  6.96 kB         328 kB
2026-03-04T14:52:49.707Z	├ ○ /blog/edit/new                       6.33 kB         328 kB
2026-03-04T14:52:49.707Z	├ ○ /blog/public                         4.18 kB         244 kB
2026-03-04T14:52:49.707Z	├ ○ /contact                               193 B         105 kB
2026-03-04T14:52:49.707Z	├ ○ /cookies                               193 B         105 kB
2026-03-04T14:52:49.707Z	├ ○ /dashboard                           3.71 kB         277 kB
2026-03-04T14:52:49.707Z	├ ○ /dashboard/settings                  4.62 kB         313 kB
2026-03-04T14:52:49.711Z	├ ƒ /edit/[pageId]                       29.7 kB         372 kB
2026-03-04T14:52:49.711Z	├ ○ /features                              193 B         105 kB
2026-03-04T14:52:49.711Z	├ ○ /icon.svg                                0 B            0 B
2026-03-04T14:52:49.711Z	├ ○ /impressum                             193 B         105 kB
2026-03-04T14:52:49.711Z	├ ○ /links                               3.89 kB         300 kB
2026-03-04T14:52:49.711Z	├ ○ /links/links                         4.07 kB         286 kB
2026-03-04T14:52:49.714Z	├ ○ /login                               6.74 kB         246 kB
2026-03-04T14:52:49.714Z	├ ○ /pages                               4.73 kB         276 kB
2026-03-04T14:52:49.714Z	├ ƒ /post/[postId]                       6.06 kB         246 kB
2026-03-04T14:52:49.714Z	├ ○ /pricing                               193 B         105 kB
2026-03-04T14:52:49.714Z	├ ○ /privacy                               193 B         105 kB
2026-03-04T14:52:49.714Z	├ ○ /profile                             1.06 kB         103 kB
2026-03-04T14:52:49.714Z	├ ○ /profile/settings                    1.07 kB         103 kB
2026-03-04T14:52:49.715Z	├ ○ /robots.txt                            151 B         102 kB
2026-03-04T14:52:49.715Z	├ ○ /s                                   2.37 kB         237 kB
2026-03-04T14:52:49.715Z	├ ƒ /s/[code]                              151 B         102 kB
2026-03-04T14:52:49.715Z	├ ○ /settings                            4.62 kB         313 kB
2026-03-04T14:52:49.715Z	├ ○ /sitemap.xml                           151 B         102 kB
2026-03-04T14:52:49.717Z	└ ƒ /test-tracking                         151 B         102 kB
2026-03-04T14:52:49.717Z	+ First Load JS shared by all             101 kB
2026-03-04T14:52:49.717Z	  ├ chunks/1255-78e8b3ddc1cb1b15.js      45.2 kB
2026-03-04T14:52:49.717Z	  ├ chunks/4bd1b696-182b6b13bdad92e3.js  54.2 kB
2026-03-04T14:52:49.717Z	  └ other shared chunks (total)          1.98 kB
2026-03-04T14:52:49.717Z	
2026-03-04T14:52:49.717Z	
2026-03-04T14:52:49.717Z	ƒ Middleware                             33.2 kB
2026-03-04T14:52:49.717Z	
2026-03-04T14:52:49.717Z	○  (Static)   prerendered as static content
2026-03-04T14:52:49.717Z	ƒ  (Dynamic)  server-rendered on demand
2026-03-04T14:52:49.717Z	
2026-03-04T14:52:51.434Z	
2026-03-04T14:52:51.434Z	┌─────────────────────────────┐
2026-03-04T14:52:51.434Z	│ OpenNext — Cloudflare build │
2026-03-04T14:52:51.434Z	└─────────────────────────────┘
2026-03-04T14:52:51.434Z	
2026-03-04T14:52:51.547Z	App directory: /opt/buildhome/repo
2026-03-04T14:52:51.547Z	Next.js version : 15.5.12
2026-03-04T14:52:51.549Z	@opennextjs/cloudflare version: 1.17.0
2026-03-04T14:52:51.549Z	@opennextjs/aws version: 3.9.16
2026-03-04T14:52:51.552Z	
2026-03-04T14:52:51.552Z	┌─────────────────────────────────┐
2026-03-04T14:52:51.552Z	│ OpenNext — Building Next.js app │
2026-03-04T14:52:51.553Z	└─────────────────────────────────┘
2026-03-04T14:52:51.553Z	
2026-03-04T14:52:51.718Z	
2026-03-04T14:52:51.718Z	> nextn@0.1.1 build
2026-03-04T14:52:51.718Z	> next build && opennextjs-cloudflare build && opennextjs-cloudflare deploy
2026-03-04T14:52:51.718Z	
2026-03-04T14:52:52.723Z	   ▲ Next.js 15.5.12
2026-03-04T14:52:52.723Z	   - Environments: .env
2026-03-04T14:52:52.723Z	
2026-03-04T14:52:53.897Z	Using vars defined in .dev.vars
2026-03-04T14:52:53.957Z	   Creating an optimized production build ...
2026-03-04T14:53:03.106Z	 ✓ Compiled successfully in 8.9s
2026-03-04T14:53:03.109Z	   Skipping validation of types
2026-03-04T14:53:03.110Z	   Skipping linting
2026-03-04T14:53:03.428Z	   Collecting page data ...
2026-03-04T14:53:03.969Z	Firebase server config looks valid, attempting initialization...
2026-03-04T14:53:03.969Z	Initializing Firebase app with config: {
2026-03-04T14:53:03.969Z	  apiKey: 'AIzaSyCMJY...',
2026-03-04T14:53:03.971Z	  projectId: 'studio-1788933160-b748f',
2026-03-04T14:53:03.971Z	  authDomain: 'studio-1788933160-b748f.firebaseapp.com',
2026-03-04T14:53:03.971Z	  appId: '1:73212747...'
2026-03-04T14:53:03.971Z	}
2026-03-04T14:53:03.971Z	Firebase app initialized successfully
2026-03-04T14:53:03.972Z	Firestore instance created successfully
2026-03-04T14:53:04.186Z	Firebase Admin initialized with project ID only (development mode)
2026-03-04T14:53:08.182Z	   Generating static pages (0/31) ...
2026-03-04T14:53:09.000Z	   Generating static pages (7/31) 
2026-03-04T14:53:09.031Z	Firebase server config looks valid, attempting initialization...
2026-03-04T14:53:09.031Z	Initializing Firebase app with config: {
2026-03-04T14:53:09.032Z	  apiKey: 'AIzaSyCMJY...',
2026-03-04T14:53:09.032Z	  projectId: 'studio-1788933160-b748f',
2026-03-04T14:53:09.032Z	  authDomain: 'studio-1788933160-b748f.firebaseapp.com',
2026-03-04T14:53:09.032Z	  appId: '1:73212747...'
2026-03-04T14:53:09.033Z	}
2026-03-04T14:53:09.033Z	Firebase app initialized successfully
2026-03-04T14:53:09.033Z	Firestore instance created successfully
2026-03-04T14:53:09.453Z	   Generating static pages (15/31) 
2026-03-04T14:53:10.069Z	   Generating static pages (23/31) 
2026-03-04T14:53:10.105Z	 ✓ Generating static pages (31/31)
2026-03-04T14:53:11.022Z	   Finalizing page optimization ...
2026-03-04T14:53:11.022Z	   Collecting build traces ...
2026-03-04T14:53:38.231Z	
2026-03-04T14:53:38.240Z	Route (app)                                 Size  First Load JS
2026-03-04T14:53:38.240Z	┌ ○ /                                    47.1 kB         311 kB
2026-03-04T14:53:38.240Z	├ ○ /_not-found                            151 B         102 kB
2026-03-04T14:53:38.240Z	├ ƒ /[slug]                              3.65 kB         305 kB
2026-03-04T14:53:38.240Z	├ ƒ /admin/sync-short-links                151 B         102 kB
2026-03-04T14:53:38.240Z	├ ○ /analytics                           5.36 kB         375 kB
2026-03-04T14:53:38.240Z	├ ƒ /analytics/[id]                      4.31 kB         379 kB
2026-03-04T14:53:38.240Z	├ ○ /analytics/analytics                 2.68 kB         270 kB
2026-03-04T14:53:38.240Z	├ ƒ /analytics/analytics/[pageId]        2.33 kB         377 kB
2026-03-04T14:53:38.240Z	├ ƒ /api/generate-theme                    151 B         102 kB
2026-03-04T14:53:38.240Z	├ ƒ /api/website-meta                      151 B         102 kB
2026-03-04T14:53:38.240Z	├ ○ /blog                                6.82 kB         284 kB
2026-03-04T14:53:38.241Z	├ ƒ /blog/edit/[postId]                  6.96 kB         328 kB
2026-03-04T14:53:38.241Z	├ ○ /blog/edit/new                       6.33 kB         328 kB
2026-03-04T14:53:38.241Z	├ ○ /blog/public                         4.18 kB         244 kB
2026-03-04T14:53:38.241Z	├ ○ /contact                               193 B         105 kB
2026-03-04T14:53:38.241Z	├ ○ /cookies                               193 B         105 kB
2026-03-04T14:53:38.241Z	├ ○ /dashboard                           3.71 kB         277 kB
2026-03-04T14:53:38.241Z	├ ○ /dashboard/settings                  4.62 kB         313 kB
2026-03-04T14:53:38.241Z	├ ƒ /edit/[pageId]                       29.7 kB         372 kB
2026-03-04T14:53:38.241Z	├ ○ /features                              193 B         105 kB
2026-03-04T14:53:38.241Z	├ ○ /icon.svg                                0 B            0 B
2026-03-04T14:53:38.241Z	├ ○ /impressum                             193 B         105 kB
2026-03-04T14:53:38.241Z	├ ○ /links                               3.89 kB         300 kB
2026-03-04T14:53:38.241Z	├ ○ /links/links                         4.07 kB         286 kB
2026-03-04T14:53:38.242Z	├ ○ /login                               6.74 kB         246 kB
2026-03-04T14:53:38.242Z	├ ○ /pages                               4.73 kB         276 kB
2026-03-04T14:53:38.242Z	├ ƒ /post/[postId]                       6.06 kB         246 kB
2026-03-04T14:53:38.242Z	├ ○ /pricing                               193 B         105 kB
2026-03-04T14:53:38.242Z	├ ○ /privacy                               193 B         105 kB
2026-03-04T14:53:38.242Z	├ ○ /profile                             1.06 kB         103 kB
2026-03-04T14:53:38.242Z	├ ○ /profile/settings                    1.07 kB         103 kB
2026-03-04T14:53:38.243Z	├ ○ /robots.txt                            151 B         102 kB
2026-03-04T14:53:38.243Z	├ ○ /s                                   2.37 kB         237 kB
2026-03-04T14:53:38.243Z	├ ƒ /s/[code]                              151 B         102 kB
2026-03-04T14:53:38.243Z	├ ○ /settings                            4.62 kB         313 kB
2026-03-04T14:53:38.243Z	├ ○ /sitemap.xml                           151 B         102 kB
2026-03-04T14:53:38.243Z	└ ƒ /test-tracking                         151 B         102 kB
2026-03-04T14:53:38.243Z	+ First Load JS shared by all             101 kB
2026-03-04T14:53:38.243Z	  ├ chunks/1255-78e8b3ddc1cb1b15.js      45.2 kB
2026-03-04T14:53:38.243Z	  ├ chunks/4bd1b696-182b6b13bdad92e3.js  54.2 kB
2026-03-04T14:53:38.243Z	  └ other shared chunks (total)          1.98 kB
2026-03-04T14:53:38.243Z	
2026-03-04T14:53:38.243Z	
2026-03-04T14:53:38.243Z	ƒ Middleware                             33.2 kB
2026-03-04T14:53:38.243Z	
2026-03-04T14:53:38.244Z	○  (Static)   prerendered as static content
2026-03-04T14:53:38.244Z	ƒ  (Dynamic)  server-rendered on demand
2026-03-04T14:53:38.244Z	
2026-03-04T14:53:39.924Z	
2026-03-04T14:53:39.924Z	┌─────────────────────────────┐
2026-03-04T14:53:39.924Z	│ OpenNext — Cloudflare build │
2026-03-04T14:53:39.924Z	└─────────────────────────────┘
2026-03-04T14:53:39.924Z	
2026-03-04T14:53:40.020Z	App directory: /opt/buildhome/repo
2026-03-04T14:53:40.021Z	Next.js version : 15.5.12
2026-03-04T14:53:40.022Z	@opennextjs/cloudflare version: 1.17.0
2026-03-04T14:53:40.022Z	@opennextjs/aws version: 3.9.16
2026-03-04T14:53:40.026Z	
2026-03-04T14:53:40.026Z	┌─────────────────────────────────┐
2026-03-04T14:53:40.026Z	│ OpenNext — Building Next.js app │
2026-03-04T14:53:40.026Z	└─────────────────────────────────┘
2026-03-04T14:53:40.026Z	
2026-03-04T14:53:40.164Z	
2026-03-04T14:53:40.164Z	> nextn@0.1.1 build
2026-03-04T14:53:40.164Z	> next build && opennextjs-cloudflare build && opennextjs-cloudflare deploy
2026-03-04T14:53:40.165Z	
2026-03-04T14:53:41.090Z	   ▲ Next.js 15.5.12
2026-03-04T14:53:41.090Z	   - Environments: .env
2026-03-04T14:53:41.090Z	
2026-03-04T14:53:42.237Z	Using vars defined in .dev.vars
2026-03-04T14:53:42.288Z	   Creating an optimized production build ...
2026-03-04T14:53:50.749Z	 ✓ Compiled successfully in 8.3s
2026-03-04T14:53:50.754Z	   Skipping validation of types
2026-03-04T14:53:50.755Z	   Skipping linting
2026-03-04T14:53:51.063Z	   Collecting page data ...
2026-03-04T14:53:51.633Z	Firebase server config looks valid, attempting initialization...
2026-03-04T14:53:51.634Z	Initializing Firebase app with config: {
2026-03-04T14:53:51.634Z	  apiKey: 'AIzaSyCMJY...',
2026-03-04T14:53:51.634Z	  projectId: 'studio-1788933160-b748f',
2026-03-04T14:53:51.634Z	  authDomain: 'studio-1788933160-b748f.firebaseapp.com',
2026-03-04T14:53:51.635Z	  appId: '1:73212747...'
2026-03-04T14:53:51.635Z	}
2026-03-04T14:53:51.635Z	Firebase app initialized successfully
2026-03-04T14:53:51.635Z	Firestore instance created successfully
2026-03-04T14:53:51.871Z	Firebase Admin initialized with project ID only (development mode)
2026-03-04T14:53:55.753Z	   Generating static pages (0/31) ...
2026-03-04T14:53:56.623Z	   Generating static pages (7/31) 
2026-03-04T14:53:56.691Z	Firebase server config looks valid, attempting initialization...
2026-03-04T14:53:56.691Z	Initializing Firebase app with config: {
2026-03-04T14:53:56.691Z	  apiKey: 'AIzaSyCMJY...',
2026-03-04T14:53:56.692Z	  projectId: 'studio-1788933160-b748f',
2026-03-04T14:53:56.692Z	  authDomain: 'studio-1788933160-b748f.firebaseapp.com',
2026-03-04T14:53:56.692Z	  appId: '1:73212747...'
2026-03-04T14:53:56.692Z	}
2026-03-04T14:53:56.692Z	Firebase app initialized successfully
2026-03-04T14:53:56.692Z	Firestore instance created successfully
2026-03-04T14:53:57.066Z	   Generating static pages (15/31) 
2026-03-04T14:53:57.629Z	   Generating static pages (23/31) 
2026-03-04T14:53:57.695Z	 ✓ Generating static pages (31/31)
2026-03-04T14:53:58.565Z	   Finalizing page optimization ...
2026-03-04T14:53:58.565Z	   Collecting build traces ...
2026-03-04T14:54:26.210Z	
2026-03-04T14:54:26.220Z	Route (app)                                 Size  First Load JS
2026-03-04T14:54:26.220Z	┌ ○ /                                    47.1 kB         311 kB
2026-03-04T14:54:26.220Z	├ ○ /_not-found                            151 B         102 kB
2026-03-04T14:54:26.220Z	├ ƒ /[slug]                              3.65 kB         305 kB
2026-03-04T14:54:26.220Z	├ ƒ /admin/sync-short-links                151 B         102 kB
2026-03-04T14:54:26.223Z	├ ○ /analytics                           5.36 kB         375 kB
2026-03-04T14:54:26.223Z	├ ƒ /analytics/[id]                      4.31 kB         379 kB
2026-03-04T14:54:26.223Z	├ ○ /analytics/analytics                 2.68 kB         270 kB
2026-03-04T14:54:26.223Z	├ ƒ /analytics/analytics/[pageId]        2.33 kB         377 kB
2026-03-04T14:54:26.223Z	├ ƒ /api/generate-theme                    151 B         102 kB
2026-03-04T14:54:26.223Z	├ ƒ /api/website-meta                      151 B         102 kB
2026-03-04T14:54:26.223Z	├ ○ /blog                                6.82 kB         284 kB
2026-03-04T14:54:26.223Z	├ ƒ /blog/edit/[postId]                  6.96 kB         328 kB
2026-03-04T14:54:26.223Z	├ ○ /blog/edit/new                       6.33 kB         328 kB
2026-03-04T14:54:26.223Z	├ ○ /blog/public                         4.18 kB         244 kB
2026-03-04T14:54:26.223Z	├ ○ /contact                               193 B         105 kB
2026-03-04T14:54:26.224Z	├ ○ /cookies                               193 B         105 kB
2026-03-04T14:54:26.224Z	├ ○ /dashboard                           3.71 kB         277 kB
2026-03-04T14:54:26.224Z	├ ○ /dashboard/settings                  4.62 kB         313 kB
2026-03-04T14:54:26.224Z	├ ƒ /edit/[pageId]                       29.7 kB         372 kB
2026-03-04T14:54:26.224Z	├ ○ /features                              193 B         105 kB
2026-03-04T14:54:26.224Z	├ ○ /icon.svg                                0 B            0 B
2026-03-04T14:54:26.224Z	├ ○ /impressum                             193 B         105 kB
2026-03-04T14:54:26.224Z	├ ○ /links                               3.89 kB         300 kB
2026-03-04T14:54:26.224Z	├ ○ /links/links                         4.07 kB         286 kB
2026-03-04T14:54:26.224Z	├ ○ /login                               6.74 kB         246 kB
2026-03-04T14:54:26.224Z	├ ○ /pages                               4.73 kB         276 kB
2026-03-04T14:54:26.224Z	├ ƒ /post/[postId]                       6.06 kB         246 kB
2026-03-04T14:54:26.224Z	├ ○ /pricing                               193 B         105 kB
2026-03-04T14:54:26.224Z	├ ○ /privacy                               193 B         105 kB
2026-03-04T14:54:26.224Z	├ ○ /profile                             1.06 kB         103 kB
2026-03-04T14:54:26.224Z	├ ○ /profile/settings                    1.07 kB         103 kB
2026-03-04T14:54:26.224Z	├ ○ /robots.txt                            151 B         102 kB
2026-03-04T14:54:26.224Z	├ ○ /s                                   2.37 kB         237 kB
2026-03-04T14:54:26.225Z	├ ƒ /s/[code]                              151 B         102 kB
2026-03-04T14:54:26.225Z	├ ○ /settings                            4.62 kB         313 kB
2026-03-04T14:54:26.225Z	├ ○ /sitemap.xml                           151 B         102 kB
2026-03-04T14:54:26.225Z	└ ƒ /test-tracking                         151 B         102 kB
2026-03-04T14:54:26.225Z	+ First Load JS shared by all             101 kB
2026-03-04T14:54:26.225Z	  ├ chunks/1255-78e8b3ddc1cb1b15.js      45.2 kB
2026-03-04T14:54:26.225Z	  ├ chunks/4bd1b696-182b6b13bdad92e3.js  54.2 kB
2026-03-04T14:54:26.225Z	  └ other shared chunks (total)          1.98 kB
2026-03-04T14:54:26.225Z	
2026-03-04T14:54:26.225Z	
2026-03-04T14:54:26.225Z	ƒ Middleware                             33.2 kB
2026-03-04T14:54:26.225Z	
2026-03-04T14:54:26.226Z	○  (Static)   prerendered as static content
2026-03-04T14:54:26.226Z	ƒ  (Dynamic)  server-rendered on demand
2026-03-04T14:54:26.226Z	
2026-03-04T14:54:28.111Z	
2026-03-04T14:54:28.112Z	┌─────────────────────────────┐
2026-03-04T14:54:28.112Z	│ OpenNext — Cloudflare build │
2026-03-04T14:54:28.112Z	└─────────────────────────────┘
2026-03-04T14:54:28.112Z	
2026-03-04T14:54:28.232Z	App directory: /opt/buildhome/repo
2026-03-04T14:54:28.233Z	Next.js version : 15.5.12
2026-03-04T14:54:28.234Z	@opennextjs/cloudflare version: 1.17.0
2026-03-04T14:54:28.234Z	@opennextjs/aws version: 3.9.16
2026-03-04T14:54:28.236Z	
2026-03-04T14:54:28.236Z	┌─────────────────────────────────┐
2026-03-04T14:54:28.237Z	│ OpenNext — Building Next.js app │
2026-03-04T14:54:28.237Z	└─────────────────────────────────┘
2026-03-04T14:54:28.237Z	
2026-03-04T14:54:28.407Z	
2026-03-04T14:54:28.407Z	> nextn@0.1.1 build
2026-03-04T14:54:28.407Z	> next build && opennextjs-cloudflare build && opennextjs-cloudflare deploy
2026-03-04T14:54:28.408Z	
2026-03-04T14:54:29.337Z	   ▲ Next.js 15.5.12
2026-03-04T14:54:29.338Z	   - Environments: .env
2026-03-04T14:54:29.343Z	
2026-03-04T14:54:30.477Z	Using vars defined in .dev.vars
2026-03-04T14:54:30.529Z	   Creating an optimized production build ...
2026-03-04T14:54:40.154Z	 ✓ Compiled successfully in 9.5s
2026-03-04T14:54:40.158Z	   Skipping validation of types
2026-03-04T14:54:40.158Z	   Skipping linting
2026-03-04T14:54:40.492Z	   Collecting page data ...
2026-03-04T14:54:40.989Z	Firebase server config looks valid, attempting initialization...
2026-03-04T14:54:40.989Z	Initializing Firebase app with config: {
2026-03-04T14:54:40.989Z	  apiKey: 'AIzaSyCMJY...',
2026-03-04T14:54:40.989Z	  projectId: 'studio-1788933160-b748f',
2026-03-04T14:54:40.989Z	  authDomain: 'studio-1788933160-b748f.firebaseapp.com',
2026-03-04T14:54:40.989Z	  appId: '1:73212747...'
2026-03-04T14:54:40.989Z	}
2026-03-04T14:54:40.991Z	Firebase app initialized successfully
2026-03-04T14:54:40.992Z	Firestore instance created successfully
2026-03-04T14:54:41.207Z	Firebase Admin initialized with project ID only (development mode)
2026-03-04T14:54:44.924Z	   Generating static pages (0/31) ...
2026-03-04T14:54:45.634Z	Firebase server config looks valid, attempting initialization...
2026-03-04T14:54:45.635Z	Initializing Firebase app with config: {
2026-03-04T14:54:45.638Z	  apiKey: 'AIzaSyCMJY...',
2026-03-04T14:54:45.638Z	  projectId: 'studio-1788933160-b748f',
2026-03-04T14:54:45.638Z	  authDomain: 'studio-1788933160-b748f.firebaseapp.com',
2026-03-04T14:54:45.638Z	  appId: '1:73212747...'
2026-03-04T14:54:45.639Z	}
2026-03-04T14:54:45.639Z	Firebase app initialized successfully
2026-03-04T14:54:45.639Z	Firestore instance created successfully
2026-03-04T14:54:45.812Z	   Generating static pages (7/31) 
2026-03-04T14:54:46.369Z	   Generating static pages (15/31) 
2026-03-04T14:54:46.597Z	   Generating static pages (23/31) 
2026-03-04T14:54:46.598Z	 ✓ Generating static pages (31/31)
2026-03-04T14:54:47.450Z	   Finalizing page optimization ...
2026-03-04T14:54:47.450Z	   Collecting build traces ...